

times in msec
 clock   self+sourced   self:  sourced script
 clock   elapsed:              other lines

000.002  000.002: --- VIM STARTING ---
000.063  000.061: Allocated generic buffers
000.117  000.054: locale set
000.120  000.003: window checked
000.525  000.405: inits 1
000.528  000.003: parsing arguments
000.529  000.001: expanding arguments
000.535  000.006: shell init
000.690  000.155: Termcap init
000.701  000.011: inits 2
000.788  000.087: init highlight
001.031  000.184  000.184: sourcing /usr/share/vim/vim74/debian.vim
001.336  000.175  000.175: sourcing /usr/share/vim/vim74/syntax/syncolor.vim
001.433  000.317  000.142: sourcing /usr/share/vim/vim74/syntax/synload.vim
032.424  030.953  030.953: sourcing /usr/share/vim/vim74/filetype.vim
032.558  031.487  000.217: sourcing /usr/share/vim/vim74/syntax/syntax.vim
032.627  031.820  000.149: sourcing $VIM/vimrc
033.754  000.604  000.604: sourcing /usr/share/vim/vim74/syntax/nosyntax.vim
034.016  000.168  000.168: sourcing /usr/share/vim/vim74/syntax/syncolor.vim
034.115  000.318  000.150: sourcing /usr/share/vim/vim74/syntax/synload.vim
034.142  001.080  000.158: sourcing /usr/share/vim/vim74/syntax/syntax.vim
034.404  000.157  000.157: sourcing /usr/share/vim/vim74/syntax/syncolor.vim
034.703  000.163  000.163: sourcing /usr/share/vim/vim74/syntax/syncolor.vim
034.983  000.147  000.147: sourcing /usr/share/vim/vim74/syntax/syncolor.vim
035.225  000.146  000.146: sourcing /usr/share/vim/vim74/syntax/syncolor.vim
037.514  003.074  002.618: sourcing /home/fidelisclayton/.vim/colors/distinguished.vim
040.022  002.465  002.465: sourcing /home/fidelisclayton/.vim/autoload/plug.vim
043.296  003.086  003.086: sourcing /home/fidelisclayton/.vim/configs/plugs.vim
043.331  000.013  000.013: sourcing /home/fidelisclayton/.vim/configs/ctrlp.vim
043.378  000.033  000.033: sourcing /home/fidelisclayton/.vim/configs/maps.vim
043.403  000.009  000.009: sourcing /home/fidelisclayton/.vim/configs/nerdtree.vim
043.429  000.012  000.012: sourcing /home/fidelisclayton/.vim/configs/syntastic.vim
043.447  000.004  000.004: sourcing /home/fidelisclayton/.vim/configs/ultisnips.vim
043.493  000.032  000.032: sourcing /home/fidelisclayton/.vim/configs/youcompleteme.vim
044.164  000.484  000.484: sourcing /usr/share/vim/vim74/ftoff.vim
044.769  000.016  000.016: sourcing /home/fidelisclayton/.vim/plugged/vim-pug/ftdetect/pug.vim
044.996  000.008  000.008: sourcing /home/fidelisclayton/.vim/plugged/jade.vim/ftdetect/jade.vim
070.199  000.217  000.217: sourcing /home/fidelisclayton/.vim/plugged/vim-haml/ftdetect/haml.vim
070.312  000.056  000.056: sourcing /home/fidelisclayton/.vim/plugged/ultisnips/ftdetect/snippets.vim
070.555  000.170  000.170: sourcing /home/fidelisclayton/.vim/plugged/vim-jsx/ftdetect/javascript.vim
070.653  000.053  000.053: sourcing /home/fidelisclayton/.vim/plugged/scss-syntax.vim/ftdetect/scss.vim
070.897  000.189  000.189: sourcing /home/fidelisclayton/.vim/plugged/vim-javascript/ftdetect/javascript.vim
071.083  024.679  023.994: sourcing /usr/share/vim/vim74/filetype.vim
071.334  000.035  000.035: sourcing /usr/share/vim/vim74/ftplugin.vim
071.593  000.030  000.030: sourcing /usr/share/vim/vim74/indent.vim
071.660  038.957  003.740: sourcing $HOME/.vimrc
071.663  000.098: sourcing vimrc file(s)
072.223  000.500  000.500: sourcing /home/fidelisclayton/.vim/plugged/vim-surround/plugin/surround.vim
072.470  000.191  000.191: sourcing /home/fidelisclayton/.vim/plugged/vim-commentary/plugin/commentary.vim
073.317  000.789  000.789: sourcing /home/fidelisclayton/.fzf/plugin/fzf.vim
073.855  000.113  000.113: sourcing /home/fidelisclayton/.vim/plugged/nerdtree/autoload/nerdtree.vim
074.880  000.426  000.426: sourcing /home/fidelisclayton/.vim/plugged/nerdtree/lib/nerdtree/path.vim
075.034  000.104  000.104: sourcing /home/fidelisclayton/.vim/plugged/nerdtree/lib/nerdtree/menu_controller.vim
075.154  000.068  000.068: sourcing /home/fidelisclayton/.vim/plugged/nerdtree/lib/nerdtree/menu_item.vim
075.288  000.089  000.089: sourcing /home/fidelisclayton/.vim/plugged/nerdtree/lib/nerdtree/key_map.vim
075.534  000.182  000.182: sourcing /home/fidelisclayton/.vim/plugged/nerdtree/lib/nerdtree/bookmark.vim
075.782  000.200  000.200: sourcing /home/fidelisclayton/.vim/plugged/nerdtree/lib/nerdtree/tree_file_node.vim
076.179  000.352  000.352: sourcing /home/fidelisclayton/.vim/plugged/nerdtree/lib/nerdtree/tree_dir_node.vim
076.403  000.180  000.180: sourcing /home/fidelisclayton/.vim/plugged/nerdtree/lib/nerdtree/opener.vim
076.664  000.217  000.217: sourcing /home/fidelisclayton/.vim/plugged/nerdtree/lib/nerdtree/creator.vim
076.746  000.037  000.037: sourcing /home/fidelisclayton/.vim/plugged/nerdtree/lib/nerdtree/flag_set.vim
076.900  000.111  000.111: sourcing /home/fidelisclayton/.vim/plugged/nerdtree/lib/nerdtree/nerdtree.vim
077.237  000.296  000.296: sourcing /home/fidelisclayton/.vim/plugged/nerdtree/lib/nerdtree/ui.vim
077.329  000.029  000.029: sourcing /home/fidelisclayton/.vim/plugged/nerdtree/lib/nerdtree/event.vim
077.403  000.032  000.032: sourcing /home/fidelisclayton/.vim/plugged/nerdtree/lib/nerdtree/notifier.vim
077.837  000.385  000.385: sourcing /home/fidelisclayton/.vim/plugged/nerdtree/autoload/nerdtree/ui_glue.vim
091.582  000.090  000.090: sourcing /home/fidelisclayton/.vim/plugged/nerdtree/nerdtree_plugin/exec_menuitem.vim
092.027  000.419  000.419: sourcing /home/fidelisclayton/.vim/plugged/nerdtree/nerdtree_plugin/fs_menu.vim
092.482  019.103  015.773: sourcing /home/fidelisclayton/.vim/plugged/nerdtree/plugin/NERD_tree.vim
092.947  000.400  000.400: sourcing /home/fidelisclayton/.vim/plugged/auto-pairs/plugin/auto-pairs.vim
093.542  000.086  000.086: sourcing /home/fidelisclayton/.vim/plugged/vim-gitgutter/autoload/gitgutter/highlight.vim
094.409  001.404  001.318: sourcing /home/fidelisclayton/.vim/plugged/vim-gitgutter/plugin/gitgutter.vim
094.740  000.178  000.178: sourcing /home/fidelisclayton/.vim/plugged/vim-indent-guides/autoload/indent_guides.vim
095.097  000.624  000.446: sourcing /home/fidelisclayton/.vim/plugged/vim-indent-guides/plugin/indent_guides.vim
095.254  000.102  000.102: sourcing /home/fidelisclayton/.vim/plugged/lightline.vim/plugin/lightline.vim
095.744  000.218  000.218: sourcing /home/fidelisclayton/.vim/plugged/ctrlp.vim/autoload/ctrlp/mrufiles.vim
095.911  000.606  000.388: sourcing /home/fidelisclayton/.vim/plugged/ctrlp.vim/plugin/ctrlp.vim
096.272  000.165  000.165: sourcing /home/fidelisclayton/.vim/plugged/vim-airline/autoload/airline.vim
096.511  000.085  000.085: sourcing /home/fidelisclayton/.vim/plugged/vim-airline/autoload/airline/init.vim
096.989  000.092  000.092: sourcing /home/fidelisclayton/.vim/plugged/vim-airline/autoload/airline/parts.vim
097.572  001.603  001.261: sourcing /home/fidelisclayton/.vim/plugged/vim-airline/plugin/airline.vim
097.656  000.016  000.016: sourcing /home/fidelisclayton/.vim/plugged/vim-airline-themes/plugin/airline-themes.vim
100.448  002.747  002.747: sourcing /home/fidelisclayton/.vim/plugged/tcomment_vim/plugin/tcomment.vim
102.367  000.966  000.966: sourcing /home/fidelisclayton/.vim/plugged/delimitMate/autoload/delimitMate.vim
105.061  004.524  003.558: sourcing /home/fidelisclayton/.vim/plugged/delimitMate/plugin/delimitMate.vim
105.609  000.101  000.101: sourcing /home/fidelisclayton/.vim/plugged/ultisnips/autoload/UltiSnips/map_keys.vim
105.717  000.585  000.484: sourcing /home/fidelisclayton/.vim/plugged/ultisnips/plugin/UltiSnips.vim
105.809  000.034  000.034: sourcing /home/fidelisclayton/.vim/plugged/vim-snippets/plugin/vimsnippets.vim
107.354  001.496  001.496: sourcing /home/fidelisclayton/.vim/plugged/supertab/plugin/supertab.vim
107.696  000.277  000.277: sourcing /home/fidelisclayton/.vim/plugged/YouCompleteMe/plugin/youcompleteme.vim
108.046  000.013  000.013: sourcing /home/fidelisclayton/.vim/plugged/syntastic/plugin/syntastic/autoloclist.vim
108.071  000.010  000.010: sourcing /home/fidelisclayton/.vim/plugged/syntastic/plugin/syntastic/balloons.vim
108.096  000.012  000.012: sourcing /home/fidelisclayton/.vim/plugged/syntastic/plugin/syntastic/checker.vim
108.118  000.010  000.010: sourcing /home/fidelisclayton/.vim/plugged/syntastic/plugin/syntastic/cursor.vim
108.159  000.010  000.010: sourcing /home/fidelisclayton/.vim/plugged/syntastic/plugin/syntastic/highlighting.vim
108.181  000.009  000.009: sourcing /home/fidelisclayton/.vim/plugged/syntastic/plugin/syntastic/loclist.vim
108.203  000.010  000.010: sourcing /home/fidelisclayton/.vim/plugged/syntastic/plugin/syntastic/modemap.vim
108.225  000.010  000.010: sourcing /home/fidelisclayton/.vim/plugged/syntastic/plugin/syntastic/notifiers.vim
108.245  000.009  000.009: sourcing /home/fidelisclayton/.vim/plugged/syntastic/plugin/syntastic/registry.vim
108.268  000.011  000.011: sourcing /home/fidelisclayton/.vim/plugged/syntastic/plugin/syntastic/signs.vim
109.735  001.138  001.138: sourcing /home/fidelisclayton/.vim/plugged/syntastic/autoload/syntastic/util.vim
121.460  000.160  000.160: sourcing /home/fidelisclayton/.vim/plugged/syntastic/plugin/syntastic/autoloclist.vim
121.627  000.147  000.147: sourcing /home/fidelisclayton/.vim/plugged/syntastic/plugin/syntastic/balloons.vim
122.150  000.507  000.507: sourcing /home/fidelisclayton/.vim/plugged/syntastic/plugin/syntastic/checker.vim
122.281  000.116  000.116: sourcing /home/fidelisclayton/.vim/plugged/syntastic/plugin/syntastic/cursor.vim
122.369  000.074  000.074: sourcing /home/fidelisclayton/.vim/plugged/syntastic/plugin/syntastic/highlighting.vim
122.646  000.265  000.265: sourcing /home/fidelisclayton/.vim/plugged/syntastic/plugin/syntastic/loclist.vim
122.735  000.077  000.077: sourcing /home/fidelisclayton/.vim/plugged/syntastic/plugin/syntastic/modemap.vim
122.808  000.062  000.062: sourcing /home/fidelisclayton/.vim/plugged/syntastic/plugin/syntastic/notifiers.vim
123.109  000.290  000.290: sourcing /home/fidelisclayton/.vim/plugged/syntastic/plugin/syntastic/registry.vim
123.211  000.088  000.088: sourcing /home/fidelisclayton/.vim/plugged/syntastic/plugin/syntastic/signs.vim
124.229  015.950  013.026: sourcing /home/fidelisclayton/.vim/plugged/syntastic/plugin/syntastic.vim
130.325  006.026  006.026: sourcing /home/fidelisclayton/.vim/plugged/vim-easymotion/plugin/EasyMotion.vim
130.622  000.068  000.068: sourcing /usr/share/vim/vim74/plugin/getscriptPlugin.vim
130.960  000.325  000.325: sourcing /usr/share/vim/vim74/plugin/gzip.vim
131.210  000.238  000.238: sourcing /usr/share/vim/vim74/plugin/logiPat.vim
131.406  000.181  000.181: sourcing /usr/share/vim/vim74/plugin/matchparen.vim
132.059  000.640  000.640: sourcing /usr/share/vim/vim74/plugin/netrwPlugin.vim
132.103  000.019  000.019: sourcing /usr/share/vim/vim74/plugin/rrhelper.vim
132.149  000.027  000.027: sourcing /usr/share/vim/vim74/plugin/spellfile.vim
132.336  000.171  000.171: sourcing /usr/share/vim/vim74/plugin/tarPlugin.vim
132.449  000.088  000.088: sourcing /usr/share/vim/vim74/plugin/tohtml.vim
132.615  000.150  000.150: sourcing /usr/share/vim/vim74/plugin/vimballPlugin.vim
132.837  000.196  000.196: sourcing /usr/share/vim/vim74/plugin/zipPlugin.vim
133.090  000.136  000.136: sourcing /home/fidelisclayton/.vim/plugged/ultisnips/after/plugin/UltiSnips_after.vim
133.159  002.176: loading plugins
133.201  000.042: loading packages
133.208  000.007: inits 3
133.214  000.006: reading viminfo
133.220  000.006: setting raw mode
133.228  000.008: start termcap
133.285  000.057: clearing screen
134.155  000.422  000.422: sourcing /home/fidelisclayton/.vim/plugged/lightline.vim/autoload/lightline.vim
134.704  000.054  000.054: sourcing /home/fidelisclayton/.vim/plugged/lightline.vim/autoload/lightline/tab.vim
135.298  000.166  000.166: sourcing /home/fidelisclayton/.vim/plugged/lightline.vim/autoload/lightline/colorscheme.vim
137.367  002.389  002.223: sourcing /home/fidelisclayton/.vim/plugged/lightline.vim/autoload/lightline/colorscheme/powerline.vim
137.373  002.501  000.112: sourcing /home/fidelisclayton/.vim/plugged/lightline.vim/autoload/lightline/colorscheme/default.vim
140.760  000.226  000.226: sourcing /home/fidelisclayton/.vim/plugged/vim-airline/autoload/airline/extensions.vim
140.950  000.048  000.048: sourcing /home/fidelisclayton/.vim/plugged/vim-airline/autoload/airline/extensions/quickfix.vim
141.164  000.040  000.040: sourcing /home/fidelisclayton/.vim/plugged/vim-airline/autoload/airline/extensions/netrw.vim
141.439  000.093  000.093: sourcing /home/fidelisclayton/.vim/plugged/vim-airline/autoload/airline/extensions/ctrlp.vim
141.698  000.089  000.089: sourcing /home/fidelisclayton/.vim/plugged/vim-airline/autoload/airline/extensions/hunks.vim
141.932  000.030  000.030: sourcing /home/fidelisclayton/.vim/plugged/vim-airline/autoload/airline/extensions/syntastic.vim
142.241  000.145  000.145: sourcing /home/fidelisclayton/.vim/plugged/vim-airline/autoload/airline/extensions/whitespace.vim
142.612  000.039  000.039: sourcing /home/fidelisclayton/.vim/plugged/vim-airline/autoload/airline/extensions/po.vim
142.802  000.051  000.051: sourcing /home/fidelisclayton/.vim/plugged/vim-airline/autoload/airline/extensions/wordcount.vim
144.764  000.089  000.089: sourcing /home/fidelisclayton/.vim/plugged/vim-airline/autoload/airline/section.vim
145.115  000.149  000.149: sourcing /home/fidelisclayton/.vim/plugged/vim-airline/autoload/airline/highlighter.vim
147.516  000.063  000.063: sourcing /home/fidelisclayton/.vim/plugged/vim-airline/autoload/airline/themes.vim
147.707  000.429  000.366: sourcing /home/fidelisclayton/.vim/plugged/vim-airline-themes/autoload/airline/themes/distinguished.vim
152.750  000.088  000.088: sourcing /home/fidelisclayton/.vim/plugged/vim-airline/autoload/airline/util.vim
154.148  000.145  000.145: sourcing /home/fidelisclayton/.vim/plugged/vim-airline/autoload/airline/builder.vim
154.578  000.090  000.090: sourcing /home/fidelisclayton/.vim/plugged/vim-airline/autoload/airline/extensions/default.vim
190.573  000.367  000.367: sourcing /home/fidelisclayton/.vim/plugged/syntastic/autoload/syntastic/log.vim
190.615  052.235: opening buffers
191.578  000.190  000.190: sourcing /home/fidelisclayton/.vim/plugged/vim-gitgutter/autoload/gitgutter.vim
191.868  000.203  000.203: sourcing /home/fidelisclayton/.vim/plugged/vim-gitgutter/autoload/gitgutter/utility.vim
192.162  000.127  000.127: sourcing /home/fidelisclayton/.vim/plugged/vim-gitgutter/autoload/gitgutter/hunk.vim
196.604  005.469: BufEnter autocommands
196.607  000.003: editing files in windows
197.639  000.652  000.652: sourcing /home/fidelisclayton/.vim/plugged/YouCompleteMe/autoload/youcompleteme.vim
379.714  182.455: VimEnter autocommands
379.718  000.004: before starting main loop
380.623  000.905: first screen update
380.626  000.003: --- VIM STARTED ---


times in msec
 clock   self+sourced   self:  sourced script
 clock   elapsed:              other lines

000.017  000.017: --- VIM STARTING ---
000.261  000.244: Allocated generic buffers
000.476  000.215: locale set
000.487  000.011: window checked
001.635  001.148: inits 1
001.646  000.011: parsing arguments
001.648  000.002: expanding arguments
001.667  000.019: shell init
002.161  000.494: Termcap init
002.198  000.037: inits 2
002.469  000.271: init highlight
003.230  000.590  000.590: sourcing /usr/share/vim/vim74/debian.vim
003.918  000.277  000.277: sourcing /usr/share/vim/vim74/syntax/syncolor.vim
004.038  000.543  000.266: sourcing /usr/share/vim/vim74/syntax/synload.vim
030.940  026.856  026.856: sourcing /usr/share/vim/vim74/filetype.vim
030.982  027.632  000.233: sourcing /usr/share/vim/vim74/syntax/syntax.vim
031.004  028.476  000.254: sourcing $VIM/vimrc
031.419  000.232  000.232: sourcing /usr/share/vim/vim74/syntax/nosyntax.vim
031.694  000.192  000.192: sourcing /usr/share/vim/vim74/syntax/syncolor.vim
031.872  000.417  000.225: sourcing /usr/share/vim/vim74/syntax/synload.vim
031.902  000.745  000.096: sourcing /usr/share/vim/vim74/syntax/syntax.vim
032.222  000.171  000.171: sourcing /usr/share/vim/vim74/syntax/syncolor.vim
032.576  000.200  000.200: sourcing /usr/share/vim/vim74/syntax/syncolor.vim
033.564  000.441  000.441: sourcing /usr/share/vim/vim74/syntax/syncolor.vim
034.001  000.197  000.197: sourcing /usr/share/vim/vim74/syntax/syncolor.vim
036.719  004.450  003.612: sourcing /home/fidelisclayton/.vim/colors/distinguished.vim
038.198  001.431  001.431: sourcing /home/fidelisclayton/.vim/autoload/plug.vim
041.506  003.119  003.119: sourcing /home/fidelisclayton/.vim/configs/plugs.vim
041.541  000.013  000.013: sourcing /home/fidelisclayton/.vim/configs/ctrlp.vim
041.589  000.033  000.033: sourcing /home/fidelisclayton/.vim/configs/maps.vim
041.613  000.009  000.009: sourcing /home/fidelisclayton/.vim/configs/nerdtree.vim
041.638  000.012  000.012: sourcing /home/fidelisclayton/.vim/configs/syntastic.vim
041.655  000.004  000.004: sourcing /home/fidelisclayton/.vim/configs/ultisnips.vim
041.700  000.031  000.031: sourcing /home/fidelisclayton/.vim/configs/youcompleteme.vim
042.421  000.533  000.533: sourcing /usr/share/vim/vim74/ftoff.vim
043.011  000.017  000.017: sourcing /home/fidelisclayton/.vim/plugged/vim-pug/ftdetect/pug.vim
043.235  000.008  000.008: sourcing /home/fidelisclayton/.vim/plugged/jade.vim/ftdetect/jade.vim
072.328  000.223  000.223: sourcing /home/fidelisclayton/.vim/plugged/vim-haml/ftdetect/haml.vim
072.443  000.056  000.056: sourcing /home/fidelisclayton/.vim/plugged/ultisnips/ftdetect/snippets.vim
072.698  000.179  000.179: sourcing /home/fidelisclayton/.vim/plugged/vim-jsx/ftdetect/javascript.vim
072.795  000.053  000.053: sourcing /home/fidelisclayton/.vim/plugged/scss-syntax.vim/ftdetect/scss.vim
073.044  000.193  000.193: sourcing /home/fidelisclayton/.vim/plugged/vim-javascript/ftdetect/javascript.vim
073.242  028.658  027.954: sourcing /usr/share/vim/vim74/filetype.vim
073.496  000.036  000.036: sourcing /usr/share/vim/vim74/ftplugin.vim
073.733  000.031  000.031: sourcing /usr/share/vim/vim74/indent.vim
073.804  042.771  003.470: sourcing $HOME/.vimrc
073.806  000.090: sourcing vimrc file(s)
074.375  000.506  000.506: sourcing /home/fidelisclayton/.vim/plugged/vim-surround/plugin/surround.vim
074.626  000.192  000.192: sourcing /home/fidelisclayton/.vim/plugged/vim-commentary/plugin/commentary.vim
075.443  000.758  000.758: sourcing /home/fidelisclayton/.fzf/plugin/fzf.vim
076.016  000.115  000.115: sourcing /home/fidelisclayton/.vim/plugged/nerdtree/autoload/nerdtree.vim
077.030  000.425  000.425: sourcing /home/fidelisclayton/.vim/plugged/nerdtree/lib/nerdtree/path.vim
077.186  000.105  000.105: sourcing /home/fidelisclayton/.vim/plugged/nerdtree/lib/nerdtree/menu_controller.vim
077.305  000.066  000.066: sourcing /home/fidelisclayton/.vim/plugged/nerdtree/lib/nerdtree/menu_item.vim
077.440  000.089  000.089: sourcing /home/fidelisclayton/.vim/plugged/nerdtree/lib/nerdtree/key_map.vim
077.686  000.178  000.178: sourcing /home/fidelisclayton/.vim/plugged/nerdtree/lib/nerdtree/bookmark.vim
077.931  000.198  000.198: sourcing /home/fidelisclayton/.vim/plugged/nerdtree/lib/nerdtree/tree_file_node.vim
078.324  000.347  000.347: sourcing /home/fidelisclayton/.vim/plugged/nerdtree/lib/nerdtree/tree_dir_node.vim
078.551  000.181  000.181: sourcing /home/fidelisclayton/.vim/plugged/nerdtree/lib/nerdtree/opener.vim
078.821  000.226  000.226: sourcing /home/fidelisclayton/.vim/plugged/nerdtree/lib/nerdtree/creator.vim
078.904  000.038  000.038: sourcing /home/fidelisclayton/.vim/plugged/nerdtree/lib/nerdtree/flag_set.vim
079.056  000.110  000.110: sourcing /home/fidelisclayton/.vim/plugged/nerdtree/lib/nerdtree/nerdtree.vim
079.388  000.290  000.290: sourcing /home/fidelisclayton/.vim/plugged/nerdtree/lib/nerdtree/ui.vim
079.450  000.018  000.018: sourcing /home/fidelisclayton/.vim/plugged/nerdtree/lib/nerdtree/event.vim
079.523  000.031  000.031: sourcing /home/fidelisclayton/.vim/plugged/nerdtree/lib/nerdtree/notifier.vim
079.985  000.412  000.412: sourcing /home/fidelisclayton/.vim/plugged/nerdtree/autoload/nerdtree/ui_glue.vim
093.348  000.092  000.092: sourcing /home/fidelisclayton/.vim/plugged/nerdtree/nerdtree_plugin/exec_menuitem.vim
093.767  000.403  000.403: sourcing /home/fidelisclayton/.vim/plugged/nerdtree/nerdtree_plugin/fs_menu.vim
094.241  018.740  015.416: sourcing /home/fidelisclayton/.vim/plugged/nerdtree/plugin/NERD_tree.vim
094.705  000.398  000.398: sourcing /home/fidelisclayton/.vim/plugged/auto-pairs/plugin/auto-pairs.vim
095.266  000.086  000.086: sourcing /home/fidelisclayton/.vim/plugged/vim-gitgutter/autoload/gitgutter/highlight.vim
096.211  001.443  001.357: sourcing /home/fidelisclayton/.vim/plugged/vim-gitgutter/plugin/gitgutter.vim
096.552  000.179  000.179: sourcing /home/fidelisclayton/.vim/plugged/vim-indent-guides/autoload/indent_guides.vim
096.984  000.705  000.526: sourcing /home/fidelisclayton/.vim/plugged/vim-indent-guides/plugin/indent_guides.vim
097.213  000.173  000.173: sourcing /home/fidelisclayton/.vim/plugged/lightline.vim/plugin/lightline.vim
097.701  000.212  000.212: sourcing /home/fidelisclayton/.vim/plugged/ctrlp.vim/autoload/ctrlp/mrufiles.vim
097.931  000.667  000.455: sourcing /home/fidelisclayton/.vim/plugged/ctrlp.vim/plugin/ctrlp.vim
098.283  000.153  000.153: sourcing /home/fidelisclayton/.vim/plugged/vim-airline/autoload/airline.vim
098.532  000.085  000.085: sourcing /home/fidelisclayton/.vim/plugged/vim-airline/autoload/airline/init.vim
098.990  000.092  000.092: sourcing /home/fidelisclayton/.vim/plugged/vim-airline/autoload/airline/parts.vim
099.583  001.593  001.263: sourcing /home/fidelisclayton/.vim/plugged/vim-airline/plugin/airline.vim
099.684  000.035  000.035: sourcing /home/fidelisclayton/.vim/plugged/vim-airline-themes/plugin/airline-themes.vim
102.446  002.703  002.703: sourcing /home/fidelisclayton/.vim/plugged/tcomment_vim/plugin/tcomment.vim
104.092  000.854  000.854: sourcing /home/fidelisclayton/.vim/plugged/delimitMate/autoload/delimitMate.vim
106.479  003.950  003.096: sourcing /home/fidelisclayton/.vim/plugged/delimitMate/plugin/delimitMate.vim
106.930  000.091  000.091: sourcing /home/fidelisclayton/.vim/plugged/ultisnips/autoload/UltiSnips/map_keys.vim
107.028  000.489  000.398: sourcing /home/fidelisclayton/.vim/plugged/ultisnips/plugin/UltiSnips.vim
107.111  000.032  000.032: sourcing /home/fidelisclayton/.vim/plugged/vim-snippets/plugin/vimsnippets.vim
108.609  001.451  001.451: sourcing /home/fidelisclayton/.vim/plugged/supertab/plugin/supertab.vim
108.971  000.299  000.299: sourcing /home/fidelisclayton/.vim/plugged/YouCompleteMe/plugin/youcompleteme.vim
109.273  000.012  000.012: sourcing /home/fidelisclayton/.vim/plugged/syntastic/plugin/syntastic/autoloclist.vim
109.294  000.009  000.009: sourcing /home/fidelisclayton/.vim/plugged/syntastic/plugin/syntastic/balloons.vim
109.314  000.009  000.009: sourcing /home/fidelisclayton/.vim/plugged/syntastic/plugin/syntastic/checker.vim
109.333  000.009  000.009: sourcing /home/fidelisclayton/.vim/plugged/syntastic/plugin/syntastic/cursor.vim
109.372  000.009  000.009: sourcing /home/fidelisclayton/.vim/plugged/syntastic/plugin/syntastic/highlighting.vim
109.391  000.008  000.008: sourcing /home/fidelisclayton/.vim/plugged/syntastic/plugin/syntastic/loclist.vim
109.409  000.008  000.008: sourcing /home/fidelisclayton/.vim/plugged/syntastic/plugin/syntastic/modemap.vim
109.427  000.008  000.008: sourcing /home/fidelisclayton/.vim/plugged/syntastic/plugin/syntastic/notifiers.vim
109.444  000.007  000.007: sourcing /home/fidelisclayton/.vim/plugged/syntastic/plugin/syntastic/registry.vim
109.463  000.008  000.008: sourcing /home/fidelisclayton/.vim/plugged/syntastic/plugin/syntastic/signs.vim
110.668  000.934  000.934: sourcing /home/fidelisclayton/.vim/plugged/syntastic/autoload/syntastic/util.vim
122.324  000.159  000.159: sourcing /home/fidelisclayton/.vim/plugged/syntastic/plugin/syntastic/autoloclist.vim
122.459  000.119  000.119: sourcing /home/fidelisclayton/.vim/plugged/syntastic/plugin/syntastic/balloons.vim
122.902  000.430  000.430: sourcing /home/fidelisclayton/.vim/plugged/syntastic/plugin/syntastic/checker.vim
123.032  000.117  000.117: sourcing /home/fidelisclayton/.vim/plugged/syntastic/plugin/syntastic/cursor.vim
123.119  000.074  000.074: sourcing /home/fidelisclayton/.vim/plugged/syntastic/plugin/syntastic/highlighting.vim
123.392  000.262  000.262: sourcing /home/fidelisclayton/.vim/plugged/syntastic/plugin/syntastic/loclist.vim
123.479  000.075  000.075: sourcing /home/fidelisclayton/.vim/plugged/syntastic/plugin/syntastic/modemap.vim
123.551  000.061  000.061: sourcing /home/fidelisclayton/.vim/plugged/syntastic/plugin/syntastic/notifiers.vim
123.897  000.334  000.334: sourcing /home/fidelisclayton/.vim/plugged/syntastic/plugin/syntastic/registry.vim
124.002  000.090  000.090: sourcing /home/fidelisclayton/.vim/plugged/syntastic/plugin/syntastic/signs.vim
124.992  015.519  012.864: sourcing /home/fidelisclayton/.vim/plugged/syntastic/plugin/syntastic.vim
130.858  005.801  005.801: sourcing /home/fidelisclayton/.vim/plugged/vim-easymotion/plugin/EasyMotion.vim
131.161  000.068  000.068: sourcing /usr/share/vim/vim74/plugin/getscriptPlugin.vim
131.477  000.303  000.303: sourcing /usr/share/vim/vim74/plugin/gzip.vim
131.760  000.271  000.271: sourcing /usr/share/vim/vim74/plugin/logiPat.vim
131.957  000.182  000.182: sourcing /usr/share/vim/vim74/plugin/matchparen.vim
132.611  000.641  000.641: sourcing /usr/share/vim/vim74/plugin/netrwPlugin.vim
132.654  000.016  000.016: sourcing /usr/share/vim/vim74/plugin/rrhelper.vim
132.700  000.026  000.026: sourcing /usr/share/vim/vim74/plugin/spellfile.vim
132.885  000.168  000.168: sourcing /usr/share/vim/vim74/plugin/tarPlugin.vim
132.996  000.085  000.085: sourcing /usr/share/vim/vim74/plugin/tohtml.vim
133.164  000.151  000.151: sourcing /usr/share/vim/vim74/plugin/vimballPlugin.vim
133.389  000.197  000.197: sourcing /usr/share/vim/vim74/plugin/zipPlugin.vim
133.640  000.135  000.135: sourcing /home/fidelisclayton/.vim/plugged/ultisnips/after/plugin/UltiSnips_after.vim
133.710  002.120: loading plugins
133.754  000.044: loading packages
133.761  000.007: inits 3
133.766  000.005: reading viminfo
133.772  000.006: setting raw mode
133.781  000.009: start termcap
133.818  000.037: clearing screen
134.664  000.414  000.414: sourcing /home/fidelisclayton/.vim/plugged/lightline.vim/autoload/lightline.vim
135.197  000.055  000.055: sourcing /home/fidelisclayton/.vim/plugged/lightline.vim/autoload/lightline/tab.vim
135.827  000.198  000.198: sourcing /home/fidelisclayton/.vim/plugged/lightline.vim/autoload/lightline/colorscheme.vim
137.735  002.259  002.061: sourcing /home/fidelisclayton/.vim/plugged/lightline.vim/autoload/lightline/colorscheme/powerline.vim
137.740  002.374  000.115: sourcing /home/fidelisclayton/.vim/plugged/lightline.vim/autoload/lightline/colorscheme/default.vim
141.049  000.224  000.224: sourcing /home/fidelisclayton/.vim/plugged/vim-airline/autoload/airline/extensions.vim
141.239  000.048  000.048: sourcing /home/fidelisclayton/.vim/plugged/vim-airline/autoload/airline/extensions/quickfix.vim
141.450  000.038  000.038: sourcing /home/fidelisclayton/.vim/plugged/vim-airline/autoload/airline/extensions/netrw.vim
141.669  000.073  000.073: sourcing /home/fidelisclayton/.vim/plugged/vim-airline/autoload/airline/extensions/ctrlp.vim
141.921  000.086  000.086: sourcing /home/fidelisclayton/.vim/plugged/vim-airline/autoload/airline/extensions/hunks.vim
142.153  000.030  000.030: sourcing /home/fidelisclayton/.vim/plugged/vim-airline/autoload/airline/extensions/syntastic.vim
142.437  000.143  000.143: sourcing /home/fidelisclayton/.vim/plugged/vim-airline/autoload/airline/extensions/whitespace.vim
142.804  000.039  000.039: sourcing /home/fidelisclayton/.vim/plugged/vim-airline/autoload/airline/extensions/po.vim
142.992  000.049  000.049: sourcing /home/fidelisclayton/.vim/plugged/vim-airline/autoload/airline/extensions/wordcount.vim
144.906  000.102  000.102: sourcing /home/fidelisclayton/.vim/plugged/vim-airline/autoload/airline/section.vim
145.255  000.151  000.151: sourcing /home/fidelisclayton/.vim/plugged/vim-airline/autoload/airline/highlighter.vim
147.530  000.062  000.062: sourcing /home/fidelisclayton/.vim/plugged/vim-airline/autoload/airline/themes.vim
147.768  000.477  000.415: sourcing /home/fidelisclayton/.vim/plugged/vim-airline-themes/autoload/airline/themes/distinguished.vim
152.636  000.087  000.087: sourcing /home/fidelisclayton/.vim/plugged/vim-airline/autoload/airline/util.vim
153.972  000.145  000.145: sourcing /home/fidelisclayton/.vim/plugged/vim-airline/autoload/airline/builder.vim
154.392  000.090  000.090: sourcing /home/fidelisclayton/.vim/plugged/vim-airline/autoload/airline/extensions/default.vim
189.272  000.216  000.216: sourcing /home/fidelisclayton/.vim/plugged/syntastic/autoload/syntastic/log.vim
189.305  050.646: opening buffers
190.142  000.179  000.179: sourcing /home/fidelisclayton/.vim/plugged/vim-gitgutter/autoload/gitgutter.vim
190.418  000.189  000.189: sourcing /home/fidelisclayton/.vim/plugged/vim-gitgutter/autoload/gitgutter/utility.vim
190.679  000.115  000.115: sourcing /home/fidelisclayton/.vim/plugged/vim-gitgutter/autoload/gitgutter/hunk.vim
195.717  005.929: BufEnter autocommands
195.737  000.020: editing files in windows
196.746  000.623  000.623: sourcing /home/fidelisclayton/.vim/plugged/YouCompleteMe/autoload/youcompleteme.vim
381.066  184.706: VimEnter autocommands
381.070  000.004: before starting main loop
381.808  000.738: first screen update
381.810  000.002: --- VIM STARTED ---


times in msec
 clock   self+sourced   self:  sourced script
 clock   elapsed:              other lines

000.003  000.003: --- VIM STARTING ---
000.094  000.091: Allocated generic buffers
000.174  000.080: locale set
000.179  000.005: window checked
000.664  000.485: inits 1
000.669  000.005: parsing arguments
000.670  000.001: expanding arguments
000.682  000.012: shell init
000.902  000.220: Termcap init
000.919  000.017: inits 2
001.040  000.121: init highlight
001.406  000.277  000.277: sourcing /usr/share/vim/vim74/debian.vim
001.946  000.346  000.346: sourcing /usr/share/vim/vim74/syntax/syncolor.vim
002.270  000.737  000.391: sourcing /usr/share/vim/vim74/syntax/synload.vim
037.008  034.612  034.612: sourcing /usr/share/vim/vim74/filetype.vim
037.052  035.587  000.238: sourcing /usr/share/vim/vim74/syntax/syntax.vim
037.076  036.003  000.139: sourcing $VIM/vimrc
037.511  000.246  000.246: sourcing /usr/share/vim/vim74/syntax/nosyntax.vim
037.771  000.169  000.169: sourcing /usr/share/vim/vim74/syntax/syncolor.vim
037.895  000.345  000.176: sourcing /usr/share/vim/vim74/syntax/synload.vim
037.921  000.687  000.096: sourcing /usr/share/vim/vim74/syntax/syntax.vim
038.169  000.147  000.147: sourcing /usr/share/vim/vim74/syntax/syncolor.vim
038.444  000.144  000.144: sourcing /usr/share/vim/vim74/syntax/syncolor.vim
038.714  000.144  000.144: sourcing /usr/share/vim/vim74/syntax/syncolor.vim
038.945  000.141  000.141: sourcing /usr/share/vim/vim74/syntax/syncolor.vim
041.065  002.860  002.431: sourcing /home/fidelisclayton/.vim/colors/distinguished.vim
042.655  001.548  001.548: sourcing /home/fidelisclayton/.vim/autoload/plug.vim
045.760  002.918  002.918: sourcing /home/fidelisclayton/.vim/configs/plugs.vim
045.794  000.013  000.013: sourcing /home/fidelisclayton/.vim/configs/ctrlp.vim
045.873  000.047  000.047: sourcing /home/fidelisclayton/.vim/configs/maps.vim
045.898  000.010  000.010: sourcing /home/fidelisclayton/.vim/configs/nerdtree.vim
045.923  000.012  000.012: sourcing /home/fidelisclayton/.vim/configs/syntastic.vim
045.940  000.004  000.004: sourcing /home/fidelisclayton/.vim/configs/ultisnips.vim
045.985  000.031  000.031: sourcing /home/fidelisclayton/.vim/configs/youcompleteme.vim
046.663  000.495  000.495: sourcing /usr/share/vim/vim74/ftoff.vim
047.271  000.016  000.016: sourcing /home/fidelisclayton/.vim/plugged/vim-pug/ftdetect/pug.vim
047.491  000.007  000.007: sourcing /home/fidelisclayton/.vim/plugged/jade.vim/ftdetect/jade.vim
073.403  000.222  000.222: sourcing /home/fidelisclayton/.vim/plugged/vim-haml/ftdetect/haml.vim
073.514  000.054  000.054: sourcing /home/fidelisclayton/.vim/plugged/ultisnips/ftdetect/snippets.vim
073.757  000.172  000.172: sourcing /home/fidelisclayton/.vim/plugged/vim-jsx/ftdetect/javascript.vim
073.892  000.089  000.089: sourcing /home/fidelisclayton/.vim/plugged/scss-syntax.vim/ftdetect/scss.vim
074.140  000.192  000.192: sourcing /home/fidelisclayton/.vim/plugged/vim-javascript/ftdetect/javascript.vim
074.332  024.718  023.989: sourcing /usr/share/vim/vim74/filetype.vim
074.570  000.035  000.035: sourcing /usr/share/vim/vim74/ftplugin.vim
074.795  000.030  000.030: sourcing /usr/share/vim/vim74/indent.vim
074.871  037.765  004.187: sourcing $HOME/.vimrc
074.873  000.065: sourcing vimrc file(s)
075.434  000.498  000.498: sourcing /home/fidelisclayton/.vim/plugged/vim-surround/plugin/surround.vim
075.684  000.191  000.191: sourcing /home/fidelisclayton/.vim/plugged/vim-commentary/plugin/commentary.vim
076.490  000.746  000.746: sourcing /home/fidelisclayton/.fzf/plugin/fzf.vim
077.015  000.116  000.116: sourcing /home/fidelisclayton/.vim/plugged/nerdtree/autoload/nerdtree.vim
078.089  000.465  000.465: sourcing /home/fidelisclayton/.vim/plugged/nerdtree/lib/nerdtree/path.vim
078.275  000.135  000.135: sourcing /home/fidelisclayton/.vim/plugged/nerdtree/lib/nerdtree/menu_controller.vim
078.390  000.070  000.070: sourcing /home/fidelisclayton/.vim/plugged/nerdtree/lib/nerdtree/menu_item.vim
078.522  000.088  000.088: sourcing /home/fidelisclayton/.vim/plugged/nerdtree/lib/nerdtree/key_map.vim
078.767  000.178  000.178: sourcing /home/fidelisclayton/.vim/plugged/nerdtree/lib/nerdtree/bookmark.vim
079.011  000.196  000.196: sourcing /home/fidelisclayton/.vim/plugged/nerdtree/lib/nerdtree/tree_file_node.vim
079.409  000.348  000.348: sourcing /home/fidelisclayton/.vim/plugged/nerdtree/lib/nerdtree/tree_dir_node.vim
079.636  000.182  000.182: sourcing /home/fidelisclayton/.vim/plugged/nerdtree/lib/nerdtree/opener.vim
079.897  000.217  000.217: sourcing /home/fidelisclayton/.vim/plugged/nerdtree/lib/nerdtree/creator.vim
079.979  000.037  000.037: sourcing /home/fidelisclayton/.vim/plugged/nerdtree/lib/nerdtree/flag_set.vim
080.133  000.111  000.111: sourcing /home/fidelisclayton/.vim/plugged/nerdtree/lib/nerdtree/nerdtree.vim
080.468  000.294  000.294: sourcing /home/fidelisclayton/.vim/plugged/nerdtree/lib/nerdtree/ui.vim
080.529  000.018  000.018: sourcing /home/fidelisclayton/.vim/plugged/nerdtree/lib/nerdtree/event.vim
080.602  000.031  000.031: sourcing /home/fidelisclayton/.vim/plugged/nerdtree/lib/nerdtree/notifier.vim
081.035  000.385  000.385: sourcing /home/fidelisclayton/.vim/plugged/nerdtree/autoload/nerdtree/ui_glue.vim
094.226  000.088  000.088: sourcing /home/fidelisclayton/.vim/plugged/nerdtree/nerdtree_plugin/exec_menuitem.vim
094.641  000.401  000.401: sourcing /home/fidelisclayton/.vim/plugged/nerdtree/nerdtree_plugin/fs_menu.vim
095.075  018.527  015.167: sourcing /home/fidelisclayton/.vim/plugged/nerdtree/plugin/NERD_tree.vim
095.533  000.394  000.394: sourcing /home/fidelisclayton/.vim/plugged/auto-pairs/plugin/auto-pairs.vim
096.083  000.086  000.086: sourcing /home/fidelisclayton/.vim/plugged/vim-gitgutter/autoload/gitgutter/highlight.vim
096.954  001.364  001.278: sourcing /home/fidelisclayton/.vim/plugged/vim-gitgutter/plugin/gitgutter.vim
097.305  000.201  000.201: sourcing /home/fidelisclayton/.vim/plugged/vim-indent-guides/autoload/indent_guides.vim
097.656  000.641  000.440: sourcing /home/fidelisclayton/.vim/plugged/vim-indent-guides/plugin/indent_guides.vim
097.836  000.125  000.125: sourcing /home/fidelisclayton/.vim/plugged/lightline.vim/plugin/lightline.vim
098.335  000.216  000.216: sourcing /home/fidelisclayton/.vim/plugged/ctrlp.vim/autoload/ctrlp/mrufiles.vim
098.504  000.606  000.390: sourcing /home/fidelisclayton/.vim/plugged/ctrlp.vim/plugin/ctrlp.vim
101.425  002.855  002.855: sourcing /home/fidelisclayton/.vim/plugged/tcomment_vim/plugin/tcomment.vim
102.471  000.385  000.385: sourcing /home/fidelisclayton/.vim/plugged/delimitMate/autoload/delimitMate.vim
104.882  003.368  002.983: sourcing /home/fidelisclayton/.vim/plugged/delimitMate/plugin/delimitMate.vim
105.301  000.095  000.095: sourcing /home/fidelisclayton/.vim/plugged/ultisnips/autoload/UltiSnips/map_keys.vim
105.400  000.453  000.358: sourcing /home/fidelisclayton/.vim/plugged/ultisnips/plugin/UltiSnips.vim
105.487  000.031  000.031: sourcing /home/fidelisclayton/.vim/plugged/vim-snippets/plugin/vimsnippets.vim
106.980  001.447  001.447: sourcing /home/fidelisclayton/.vim/plugged/supertab/plugin/supertab.vim
107.280  000.242  000.242: sourcing /home/fidelisclayton/.vim/plugged/YouCompleteMe/plugin/youcompleteme.vim
107.600  000.013  000.013: sourcing /home/fidelisclayton/.vim/plugged/syntastic/plugin/syntastic/autoloclist.vim
107.622  000.010  000.010: sourcing /home/fidelisclayton/.vim/plugged/syntastic/plugin/syntastic/balloons.vim
107.641  000.008  000.008: sourcing /home/fidelisclayton/.vim/plugged/syntastic/plugin/syntastic/checker.vim
107.660  000.009  000.009: sourcing /home/fidelisclayton/.vim/plugged/syntastic/plugin/syntastic/cursor.vim
107.679  000.008  000.008: sourcing /home/fidelisclayton/.vim/plugged/syntastic/plugin/syntastic/highlighting.vim
107.697  000.008  000.008: sourcing /home/fidelisclayton/.vim/plugged/syntastic/plugin/syntastic/loclist.vim
107.714  000.007  000.007: sourcing /home/fidelisclayton/.vim/plugged/syntastic/plugin/syntastic/modemap.vim
107.734  000.009  000.009: sourcing /home/fidelisclayton/.vim/plugged/syntastic/plugin/syntastic/notifiers.vim
107.752  000.008  000.008: sourcing /home/fidelisclayton/.vim/plugged/syntastic/plugin/syntastic/registry.vim
107.789  000.008  000.008: sourcing /home/fidelisclayton/.vim/plugged/syntastic/plugin/syntastic/signs.vim
108.977  000.929  000.929: sourcing /home/fidelisclayton/.vim/plugged/syntastic/autoload/syntastic/util.vim
120.600  000.157  000.157: sourcing /home/fidelisclayton/.vim/plugged/syntastic/plugin/syntastic/autoloclist.vim
120.757  000.138  000.138: sourcing /home/fidelisclayton/.vim/plugged/syntastic/plugin/syntastic/balloons.vim
121.222  000.448  000.448: sourcing /home/fidelisclayton/.vim/plugged/syntastic/plugin/syntastic/checker.vim
121.409  000.173  000.173: sourcing /home/fidelisclayton/.vim/plugged/syntastic/plugin/syntastic/cursor.vim
121.572  000.146  000.146: sourcing /home/fidelisclayton/.vim/plugged/syntastic/plugin/syntastic/highlighting.vim
122.249  000.665  000.665: sourcing /home/fidelisclayton/.vim/plugged/syntastic/plugin/syntastic/loclist.vim
122.340  000.077  000.077: sourcing /home/fidelisclayton/.vim/plugged/syntastic/plugin/syntastic/modemap.vim
122.414  000.063  000.063: sourcing /home/fidelisclayton/.vim/plugged/syntastic/plugin/syntastic/notifiers.vim
122.696  000.270  000.270: sourcing /home/fidelisclayton/.vim/plugged/syntastic/plugin/syntastic/registry.vim
122.794  000.086  000.086: sourcing /home/fidelisclayton/.vim/plugged/syntastic/plugin/syntastic/signs.vim
123.768  015.968  012.816: sourcing /home/fidelisclayton/.vim/plugged/syntastic/plugin/syntastic.vim
129.889  006.043  006.043: sourcing /home/fidelisclayton/.vim/plugged/vim-easymotion/plugin/EasyMotion.vim
130.182  000.068  000.068: sourcing /usr/share/vim/vim74/plugin/getscriptPlugin.vim
130.495  000.301  000.301: sourcing /usr/share/vim/vim74/plugin/gzip.vim
130.751  000.244  000.244: sourcing /usr/share/vim/vim74/plugin/logiPat.vim
130.948  000.182  000.182: sourcing /usr/share/vim/vim74/plugin/matchparen.vim
131.578  000.616  000.616: sourcing /usr/share/vim/vim74/plugin/netrwPlugin.vim
131.618  000.013  000.013: sourcing /usr/share/vim/vim74/plugin/rrhelper.vim
131.665  000.030  000.030: sourcing /usr/share/vim/vim74/plugin/spellfile.vim
131.851  000.168  000.168: sourcing /usr/share/vim/vim74/plugin/tarPlugin.vim
131.958  000.087  000.087: sourcing /usr/share/vim/vim74/plugin/tohtml.vim
132.118  000.144  000.144: sourcing /usr/share/vim/vim74/plugin/vimballPlugin.vim
132.344  000.200  000.200: sourcing /usr/share/vim/vim74/plugin/zipPlugin.vim
132.601  000.139  000.139: sourcing /home/fidelisclayton/.vim/plugged/ultisnips/after/plugin/UltiSnips_after.vim
132.671  002.019: loading plugins
132.713  000.042: loading packages
132.720  000.007: inits 3
132.726  000.006: reading viminfo
132.733  000.007: setting raw mode
132.741  000.008: start termcap
132.778  000.037: clearing screen
133.656  000.449  000.449: sourcing /home/fidelisclayton/.vim/plugged/lightline.vim/autoload/lightline.vim
134.223  000.049  000.049: sourcing /home/fidelisclayton/.vim/plugged/lightline.vim/autoload/lightline/tab.vim
134.823  000.165  000.165: sourcing /home/fidelisclayton/.vim/plugged/lightline.vim/autoload/lightline/colorscheme.vim
136.708  002.203  002.038: sourcing /home/fidelisclayton/.vim/plugged/lightline.vim/autoload/lightline/colorscheme/powerline.vim
136.713  002.323  000.120: sourcing /home/fidelisclayton/.vim/plugged/lightline.vim/autoload/lightline/colorscheme/default.vim
140.249  000.209  000.209: sourcing /home/fidelisclayton/.vim/plugged/syntastic/autoload/syntastic/log.vim
140.280  004.472: opening buffers
141.108  000.186  000.186: sourcing /home/fidelisclayton/.vim/plugged/vim-gitgutter/autoload/gitgutter.vim
141.377  000.183  000.183: sourcing /home/fidelisclayton/.vim/plugged/vim-gitgutter/autoload/gitgutter/utility.vim
141.651  000.110  000.110: sourcing /home/fidelisclayton/.vim/plugged/vim-gitgutter/autoload/gitgutter/hunk.vim
145.366  004.607: BufEnter autocommands
145.369  000.003: editing files in windows
146.358  000.646  000.646: sourcing /home/fidelisclayton/.vim/plugged/YouCompleteMe/autoload/youcompleteme.vim
336.062  190.047: VimEnter autocommands
336.096  000.034: before starting main loop
336.736  000.640: first screen update
336.738  000.002: --- VIM STARTED ---
